<?xml version="1.0" encoding="UTF-8"?>
<!-- Generated by org.testng.reporters.JUnitReportReporter -->
<testsuite hostname="PRASHANTA" failures="0" tests="5" name="june_08_DataProvider.ToReadDataFromDataProvider" time="0.010" errors="0" timestamp="2025-06-08T09:44:46 IST" skipped="0">
  <testcase classname="june_08_DataProvider.ToReadDataFromDataProvider" name="studentDetails" time="0.001"/>
  <testcase classname="june_08_DataProvider.ToReadDataFromDataProvider" name="studentDetails" time="0.002"/>
  <testcase classname="june_08_DataProvider.ToReadDataFromDataProvider" name="studentDetails" time="0.001"/>
  <testcase classname="june_08_DataProvider.ToReadDataFromDataProvider" name="studentDetails" time="0.005"/>
  <testcase classname="june_08_DataProvider.ToReadDataFromDataProvider" name="studentDetails" time="0.001"/>
</testsuite> <!-- june_08_DataProvider.ToReadDataFromDataProvider -->
