<?xml version="1.0" encoding="UTF-8"?>
<!-- Generated by org.testng.reporters.JUnitReportReporter -->
<testsuite hostname="PRASHANTA" failures="0" tests="4" name="june_07_TestNG.HelperAttribute_Priority" time="0.007" errors="0" timestamp="2025-06-15T11:37:07 IST" skipped="0">
  <testcase classname="june_07_TestNG.HelperAttribute_Priority" name="Flipkart" time="0.002">
    <system-out>
      <![CDATA[Flipkart executed]]>
    </system-out>
  </testcase> <!-- Flipkart -->
  <testcase classname="june_07_TestNG.HelperAttribute_Priority" name="Amazon" time="0.001">
    <system-out>
      <![CDATA[Amazon executed]]>
    </system-out>
  </testcase> <!-- Amazon -->
  <testcase classname="june_07_TestNG.HelperAttribute_Priority" name="Blinkit" time="0.001">
    <system-out>
      <![CDATA[Blinkit executed]]>
    </system-out>
  </testcase> <!-- Blinkit -->
  <testcase classname="june_07_TestNG.HelperAttribute_Priority" name="Myntra" time="0.003">
    <system-out>
      <![CDATA[Myntra executed]]>
    </system-out>
  </testcase> <!-- Myntra -->
  <system-out>
    <![CDATA[Flipkart executed
Amazon executed
Blinkit executed
Myntra executed]]>
  </system-out>
</testsuite> <!-- june_07_TestNG.HelperAttribute_Priority -->
