<?xml version="1.0" encoding="UTF-8"?>
<!-- Generated by org.testng.reporters.JUnitReportReporter -->
<testsuite hostname="PRASHANTA" failures="0" tests="3" name="june_07_TestNG.HelperAttribute_DependsOnMethod" time="0.025" errors="0" timestamp="2025-06-07T11:11:35 IST" skipped="1">
  <testcase classname="june_07_TestNG.HelperAttribute_DependsOnMethod" name="createAccount" time="0.022">
    <system-out>
      <![CDATA[Account created successfully]]>
    </system-out>
  </testcase> <!-- createAccount -->
  <testcase classname="june_07_TestNG.HelperAttribute_DependsOnMethod" name="deleteAccount" time="0.003">
    <system-out>
      <![CDATA[Account deleted successfully]]>
    </system-out>
  </testcase> <!-- deleteAccount -->
  <testcase classname="june_07_TestNG.HelperAttribute_DependsOnMethod" name="editAccount">
    <skipped/>
  </testcase> <!-- editAccount -->
  <system-out>
    <![CDATA[Account created successfully
Account deleted successfully]]>
  </system-out>
</testsuite> <!-- june_07_TestNG.HelperAttribute_DependsOnMethod -->
