<?xml version="1.0" encoding="UTF-8"?>
<!-- Generated by org.testng.reporters.JUnitReportReporter -->
<testsuite hostname="PRASHANTA" failures="0" tests="3" name="june_08_TestNG_DataProvider.DataProviderUsingExcel1" time="64.828" errors="0" timestamp="2025-06-21T09:54:26 IST" skipped="0">
  <testcase classname="june_08_TestNG_DataProvider.DataProviderUsingExcel1" name="getPriceOfProd" time="20.446"/>
  <testcase classname="june_08_TestNG_DataProvider.DataProviderUsingExcel1" name="getPriceOfProd" time="26.443"/>
  <testcase classname="june_08_TestNG_DataProvider.DataProviderUsingExcel1" name="getPriceOfProd" time="17.939"/>
</testsuite> <!-- june_08_TestNG_DataProvider.DataProviderUsingExcel1 -->
