<?xml version="1.0" encoding="UTF-8"?>
<!-- Generated by org.testng.reporters.JUnitReportReporter -->
<testsuite hostname="PRASHANTA" failures="0" tests="5" name="june_07_TestNG.HelperAttribute_ThreadPoolSize" time="202.872" errors="0" timestamp="2025-06-11T19:22:35 IST" skipped="0">
  <testcase classname="june_07_TestNG.HelperAttribute_ThreadPoolSize" name="login" time="35.319">
    <system-out>
      <![CDATA[Successfully navigated to Instagram]]>
    </system-out>
  </testcase> <!-- login -->
  <testcase classname="june_07_TestNG.HelperAttribute_ThreadPoolSize" name="login" time="41.873">
    <system-out>
      <![CDATA[Successfully navigated to Instagram]]>
    </system-out>
  </testcase> <!-- login -->
  <testcase classname="june_07_TestNG.HelperAttribute_ThreadPoolSize" name="login" time="41.183">
    <system-out>
      <![CDATA[Successfully navigated to Instagram]]>
    </system-out>
  </testcase> <!-- login -->
  <testcase classname="june_07_TestNG.HelperAttribute_ThreadPoolSize" name="login" time="43.314">
    <system-out>
      <![CDATA[Successfully navigated to Instagram]]>
    </system-out>
  </testcase> <!-- login -->
  <testcase classname="june_07_TestNG.HelperAttribute_ThreadPoolSize" name="login" time="41.183">
    <system-out>
      <![CDATA[Successfully navigated to Instagram]]>
    </system-out>
  </testcase> <!-- login -->
  <system-out>
    <![CDATA[Successfully navigated to Instagram
Successfully navigated to Instagram
Successfully navigated to Instagram
Successfully navigated to Instagram
Successfully navigated to Instagram]]>
  </system-out>
</testsuite> <!-- june_07_TestNG.HelperAttribute_ThreadPoolSize -->
