<?xml version="1.0" encoding="UTF-8"?>
<!-- Generated by org.testng.reporters.JUnitReportReporter -->
<testsuite hostname="PRASHANTA" failures="0" tests="1" name="june_15_TestNG_ObjectRepository.CreateCampaign" time="22.403" errors="0" timestamp="2025-06-28T22:56:32 IST" skipped="0">
  <testcase classname="june_15_TestNG_ObjectRepository.CreateCampaign" name="CreateCampaign_ORImplementation" time="22.403"/>
  <system-out>
    <![CDATA[Report Configuration
Establish the DB connectivity
Pre-condition
Launching the browser
Login action started
Login successful
LogOut action started
Logged out successfully
Browser closed
Launching the browser
Login action started
Login successful
LogOut action started
Logged out successfully
Browser closed
Launching the browser
Login action started
Login successful
LogOut action started
Logged out successfully
Browser closed
Post-condition
Disconnect DB]]>
  </system-out>
</testsuite> <!-- june_15_TestNG_ObjectRepository.CreateCampaign -->
