<?xml version="1.0" encoding="UTF-8"?>
<!-- Generated by org.testng.reporters.JUnitReportReporter -->
<testsuite hostname="PRASHANTA" failures="0" tests="8" name="june_07_TestNG.HelperAttribute_InvocationCount" time="305.050" errors="0" timestamp="2025-06-07T10:25:39 IST" skipped="0">
  <testcase classname="june_07_TestNG.HelperAttribute_InvocationCount" name="login1" time="39.928">
    <system-out>
      <![CDATA[Successfully navigated to Instagram]]>
    </system-out>
  </testcase> <!-- login1 -->
  <testcase classname="june_07_TestNG.HelperAttribute_InvocationCount" name="login" time="41.587">
    <system-out>
      <![CDATA[Successfully navigated to Instagram]]>
    </system-out>
  </testcase> <!-- login -->
  <testcase classname="june_07_TestNG.HelperAttribute_InvocationCount" name="login" time="36.001">
    <system-out>
      <![CDATA[Successfully navigated to Instagram]]>
    </system-out>
  </testcase> <!-- login -->
  <testcase classname="june_07_TestNG.HelperAttribute_InvocationCount" name="login1" time="39.729">
    <system-out>
      <![CDATA[Successfully navigated to Instagram]]>
    </system-out>
  </testcase> <!-- login1 -->
  <testcase classname="june_07_TestNG.HelperAttribute_InvocationCount" name="login1" time="39.577">
    <system-out>
      <![CDATA[Successfully navigated to Instagram]]>
    </system-out>
  </testcase> <!-- login1 -->
  <testcase classname="june_07_TestNG.HelperAttribute_InvocationCount" name="login" time="35.922">
    <system-out>
      <![CDATA[Successfully navigated to Instagram]]>
    </system-out>
  </testcase> <!-- login -->
  <testcase classname="june_07_TestNG.HelperAttribute_InvocationCount" name="login" time="36.172">
    <system-out>
      <![CDATA[Successfully navigated to Instagram]]>
    </system-out>
  </testcase> <!-- login -->
  <testcase classname="june_07_TestNG.HelperAttribute_InvocationCount" name="login" time="36.134">
    <system-out>
      <![CDATA[Successfully navigated to Instagram]]>
    </system-out>
  </testcase> <!-- login -->
  <system-out>
    <![CDATA[Successfully navigated to Instagram
Successfully navigated to Instagram
Successfully navigated to Instagram
Successfully navigated to Instagram
Successfully navigated to Instagram
Successfully navigated to Instagram
Successfully navigated to Instagram
Successfully navigated to Instagram]]>
  </system-out>
</testsuite> <!-- june_07_TestNG.HelperAttribute_InvocationCount -->
