<?xml version="1.0" encoding="UTF-8"?>
<!-- Generated by org.testng.reporters.JUnitReportReporter -->
<testsuite hostname="PRASHANTA" failures="0" tests="4" name="june_07_TestNG.HelperAttribute_Enabled" time="0.013" errors="0" timestamp="2025-06-07T10:50:26 IST" skipped="3">
  <testcase classname="june_07_TestNG.HelperAttribute_Enabled" name="Amazon" time="0.013">
    <system-out>
      <![CDATA[Amazon executed]]>
    </system-out>
  </testcase> <!-- Amazon -->
  <testcase classname="june_07_TestNG.HelperAttribute_Enabled" name="Myntra">
    <skipped/>
  </testcase> <!-- Myntra -->
  <testcase classname="june_07_TestNG.HelperAttribute_Enabled" name="Blinkit">
    <skipped/>
  </testcase> <!-- Blinkit -->
  <testcase classname="june_07_TestNG.HelperAttribute_Enabled" name="Flipkart">
    <skipped/>
  </testcase> <!-- Flipkart -->
  <system-out>
    <![CDATA[Amazon executed]]>
  </system-out>
</testsuite> <!-- june_07_TestNG.HelperAttribute_Enabled -->
