<?xml version="1.0" encoding="UTF-8"?>
<!-- Generated by org.testng.reporters.JUnitReportReporter -->
<testsuite hostname="PRASHANTA" failures="0" tests="1" name="june_15_TestNG_ObjectRepository.CreateProducts" time="16.005" errors="0" timestamp="2025-06-28T23:26:55 IST" skipped="0">
  <testcase classname="june_15_TestNG_ObjectRepository.CreateProducts" name="AddNewProduct" time="16.005"/>
  <system-out>
    <![CDATA[Establish the DB connectivity
Pre-condition
Launching the browser
Login action started
Login successful
LogOut action started
Logged out successfully
Browser closed
Post-condition
Disconnect DB]]>
  </system-out>
</testsuite> <!-- june_15_TestNG_ObjectRepository.CreateProducts -->
