<?xml version="1.0" encoding="UTF-8"?>
<!-- Generated by org.testng.reporters.JUnitReportReporter -->
<testsuite hostname="PRASHANTA" failures="0" tests="1" name="june_15_TestNG_ObjectRepository.LoginPage_ORImplementation" time="25.360" errors="0" timestamp="2025-06-21T20:32:28 IST" skipped="0">
  <testcase classname="june_15_TestNG_ObjectRepository.LoginPage_ORImplementation" name="Login" time="25.360">
    <system-out>
      <![CDATA[Login Successful]]>
    </system-out>
  </testcase> <!-- Login -->
  <system-out>
    <![CDATA[Establish the DB connectivity
Pre-condition
Launching the browser
Login action started
Login Successful
Logged out successfully
Browser closed
Post-condition
Disconnect DB]]>
  </system-out>
</testsuite> <!-- june_15_TestNG_ObjectRepository.LoginPage_ORImplementation -->
